生成启动时间为 2017/4/24 23:19:29。
     1>项目“G:\课程\专业课\计算机图形学\TempleRun2.3\TempleRun1.1\TempleRun1.1\TempleRun1.1.vcxproj”在节点 2 上(Build 个目标)。
     1>ClCompile:
         D:\Program Files (x86)\Microsoft Visual Studio 11.0\VC\bin\CL.exe /c /ZI /nologo /W3 /WX- /Od /Oy- /D _MBCS /Gm /EHsc /RTC1 /MTd /GS /fp:precise /Zc:wchar_t /Zc:forScope /Fo"Debug\\" /Fd"Debug\vc110.pdb" /Gd /TP /analyze- /errorReport:prompt Camera.cpp CheckCollision.cpp Font.cpp line.cpp Load.cpp Particle.cpp Point3.cpp role.cpp main.cpp Snow.cpp Texture.cpp Vector3.cpp
         Vector3.cpp
         Texture.cpp
         Snow.cpp
         main.cpp
         role.cpp
         Point3.cpp
         Particle.cpp
         Load.cpp
     1>g:\课程\专业课\计算机图形学\templerun2.3\templerun1.1\templerun1.1\load.cpp(111): warning C4996: 'fopen': This function or variable may be unsafe. Consider using fopen_s instead. To disable deprecation, use _CRT_SECURE_NO_WARNINGS. See online help for details.
                 d:\program files (x86)\microsoft visual studio 11.0\vc\include\stdio.h(218) : 参见“fopen”的声明
     1>g:\课程\专业课\计算机图形学\templerun2.3\templerun1.1\templerun1.1\load.cpp(120): warning C4996: 'fscanf': This function or variable may be unsafe. Consider using fscanf_s instead. To disable deprecation, use _CRT_SECURE_NO_WARNINGS. See online help for details.
                 d:\program files (x86)\microsoft visual studio 11.0\vc\include\stdio.h(237) : 参见“fscanf”的声明
     1>g:\课程\专业课\计算机图形学\templerun2.3\templerun1.1\templerun1.1\load.cpp(129): warning C4996: 'fscanf': This function or variable may be unsafe. Consider using fscanf_s instead. To disable deprecation, use _CRT_SECURE_NO_WARNINGS. See online help for details.
                 d:\program files (x86)\microsoft visual studio 11.0\vc\include\stdio.h(237) : 参见“fscanf”的声明
     1>g:\课程\专业课\计算机图形学\templerun2.3\templerun1.1\templerun1.1\load.cpp(134): warning C4996: 'fscanf': This function or variable may be unsafe. Consider using fscanf_s instead. To disable deprecation, use _CRT_SECURE_NO_WARNINGS. See online help for details.
                 d:\program files (x86)\microsoft visual studio 11.0\vc\include\stdio.h(237) : 参见“fscanf”的声明
     1>g:\课程\专业课\计算机图形学\templerun2.3\templerun1.1\templerun1.1\load.cpp(141): warning C4996: 'fscanf': This function or variable may be unsafe. Consider using fscanf_s instead. To disable deprecation, use _CRT_SECURE_NO_WARNINGS. See online help for details.
                 d:\program files (x86)\microsoft visual studio 11.0\vc\include\stdio.h(237) : 参见“fscanf”的声明
     1>g:\课程\专业课\计算机图形学\templerun2.3\templerun1.1\templerun1.1\load.cpp(148): warning C4996: 'fscanf': This function or variable may be unsafe. Consider using fscanf_s instead. To disable deprecation, use _CRT_SECURE_NO_WARNINGS. See online help for details.
                 d:\program files (x86)\microsoft visual studio 11.0\vc\include\stdio.h(237) : 参见“fscanf”的声明
         line.cpp
         Font.cpp
         CheckCollision.cpp
         Camera.cpp
         正在生成代码...
       Link:
         D:\Program Files (x86)\Microsoft Visual Studio 11.0\VC\bin\link.exe /ERRORREPORT:PROMPT /OUT:"G:\课程\专业课\计算机图形学\TempleRun2.3\TempleRun1.1\Debug\TempleRun1.1.exe" /INCREMENTAL /NOLOGO kernel32.lib user32.lib gdi32.lib winspool.lib comdlg32.lib advapi32.lib shell32.lib ole32.lib oleaut32.lib uuid.lib odbc32.lib odbccp32.lib /MANIFEST /MANIFESTUAC:"level='asInvoker' uiAccess='false'" /manifest:embed /DEBUG /PDB:"G:\课程\专业课\计算机图形学\TempleRun2.3\TempleRun1.1\Debug\TempleRun1.1.pdb" /TLBID:1 /DYNAMICBASE /NXCOMPAT /IMPLIB:"G:\课程\专业课\计算机图形学\TempleRun2.3\TempleRun1.1\Debug\TempleRun1.1.lib" /MACHINE:X86 Debug\Camera.obj
         Debug\CheckCollision.obj
         Debug\Font.obj
         Debug\line.obj
         Debug\Load.obj
         Debug\Particle.obj
         Debug\Point3.obj
         Debug\role.obj
         Debug\main.obj
         Debug\Snow.obj
         Debug\Texture.obj
         Debug\Vector3.obj
     1>LINK : fatal error LNK1104: 无法打开文件“glut32.lib”
     1>已完成生成项目“G:\课程\专业课\计算机图形学\TempleRun2.3\TempleRun1.1\TempleRun1.1\TempleRun1.1.vcxproj”(Build 个目标)的操作 - 失败。

生成失败。

已用时间 00:00:10.08
